#
# There is insufficient memory for the Java Runtime Environment to continue.
# Native memory allocation (malloc) failed to allocate 1866096 bytes. Error detail: Chunk::new
# Possible reasons:
#   The system is out of physical RAM or swap space
#   This process is running with CompressedOops enabled, and the Java Heap may be blocking the growth of the native heap
# Possible solutions:
#   Reduce memory load on the system
#   Increase physical memory or swap space
#   Check if swap backing store is full
#   Decrease Java heap size (-Xmx/-Xms)
#   Decrease number of Java threads
#   Decrease Java thread stack sizes (-Xss)
#   Set larger code cache with -XX:ReservedCodeCacheSize=
#   JVM is running with Unscaled Compressed Oops mode in which the Java heap is
#     placed in the first 4GB address space. The Java Heap base address is the
#     maximum limit for the native heap growth. Please use -XX:HeapBaseMinAddress
#     to set the Java Heap base and to place the Java Heap above 4GB virtual address.
# This output file may be truncated or incomplete.
#
#  Out of Memory Error (arena.cpp:191), pid=20940, tid=26052
#
# JRE version: OpenJDK Runtime Environment Temurin-17.0.11+9 (17.0.11+9) (build 17.0.11+9)
# Java VM: OpenJDK 64-Bit Server VM Temurin-17.0.11+9 (17.0.11+9, mixed mode, sharing, tiered, compressed oops, compressed class ptrs, g1 gc, windows-amd64)
# No core dump will be written. Minidumps are not enabled by default on client versions of Windows
#

---------------  S U M M A R Y ------------

Command Line: -Dorg.gradle.internal.worker.tmpdir=C:\Users\HOME\OneDrive\¹ÙÅÁ È­¸é\ºÎÆ®Ä·ÇÁ\º»Ä·ÇÁ\½ºÇÁ¸µ\myselectshop\build\tmp\test\work -Dorg.gradle.native=false -Xmx512m -Dfile.encoding=x-windows-949 -Duser.country=KR -Duser.language=ko -Duser.variant -ea worker.org.gradle.process.internal.worker.GradleWorkerMain 'Gradle Test Executor 4'

Host: Intel(R) Core(TM) i7-7700HQ CPU @ 2.80GHz, 8 cores, 15G,  Windows 10 , 64 bit Build 19041 (10.0.19041.3636)
Time: Wed Jun 12 19:20:15 2024  Windows 10 , 64 bit Build 19041 (10.0.19041.3636) elapsed time: 3.858185 seconds (0d 0h 0m 3s)

---------------  T H R E A D  ---------------

Current thread (0x0000026cfa61d820):  JavaThread "C2 CompilerThread0" daemon [_thread_in_native, id=26052, stack(0x0000009244300000,0x0000009244400000)]


Current CompileTask:
C2:   3858 2087       4       java.lang.invoke.MethodType::makeImpl (109 bytes)

Stack: [0x0000009244300000,0x0000009244400000]
Native frames: (J=compiled Java code, j=interpreted, Vv=VM code, C=native code)
V  [jvm.dll+0x67d429]
V  [jvm.dll+0x834b7a]
V  [jvm.dll+0x83663e]
V  [jvm.dll+0x836ca3]
V  [jvm.dll+0x247dbf]
V  [jvm.dll+0xac534]
V  [jvm.dll+0xacb7c]
V  [jvm.dll+0x3665f2]
V  [jvm.dll+0x330bba]
V  [jvm.dll+0x33005a]
V  [jvm.dll+0x21a471]
V  [jvm.dll+0x2198b1]
V  [jvm.dll+0x1a534d]
V  [jvm.dll+0x2295cd]
V  [jvm.dll+0x22779c]
V  [jvm.dll+0x7e9d07]
V  [jvm.dll+0x7e410a]
V  [jvm.dll+0x67c315]
C  [ucrtbase.dll+0x21bb2]
C  [KERNEL32.DLL+0x17344]
C  [ntdll.dll+0x526b1]


---------------  P R O C E S S  ---------------

Threads class SMR info:
_java_thread_list=0x0000026cc1a6fa60, length=16, elements={
0x0000026cdfa89540, 0x0000026cfa5f7d20, 0x0000026cfa5f8ab0, 0x0000026cfa6118c0,
0x0000026cfa612390, 0x0000026cfa617d90, 0x0000026cfa618660, 0x0000026cfa61d820,
0x0000026cfa6201f0, 0x0000026cfa62af20, 0x0000026cfa769790, 0x0000026cfa76b710,
0x0000026cff62a410, 0x0000026cff6ac270, 0x0000026cff6edc30, 0x0000026cc1a700a0
}

Java Threads: ( => current thread )
  0x0000026cdfa89540 JavaThread "Test worker" [_thread_in_native, id=2540, stack(0x0000009243600000,0x0000009243700000)]
  0x0000026cfa5f7d20 JavaThread "Reference Handler" daemon [_thread_blocked, id=25916, stack(0x0000009243d00000,0x0000009243e00000)]
  0x0000026cfa5f8ab0 JavaThread "Finalizer" daemon [_thread_blocked, id=17996, stack(0x0000009243e00000,0x0000009243f00000)]
  0x0000026cfa6118c0 JavaThread "Signal Dispatcher" daemon [_thread_blocked, id=9132, stack(0x0000009243f00000,0x0000009244000000)]
  0x0000026cfa612390 JavaThread "Attach Listener" daemon [_thread_blocked, id=25436, stack(0x0000009244000000,0x0000009244100000)]
  0x0000026cfa617d90 JavaThread "Service Thread" daemon [_thread_blocked, id=22180, stack(0x0000009244100000,0x0000009244200000)]
  0x0000026cfa618660 JavaThread "Monitor Deflation Thread" daemon [_thread_blocked, id=16616, stack(0x0000009244200000,0x0000009244300000)]
=>0x0000026cfa61d820 JavaThread "C2 CompilerThread0" daemon [_thread_in_native, id=26052, stack(0x0000009244300000,0x0000009244400000)]
  0x0000026cfa6201f0 JavaThread "C1 CompilerThread0" daemon [_thread_blocked, id=23492, stack(0x0000009244400000,0x0000009244500000)]
  0x0000026cfa62af20 JavaThread "Sweeper thread" daemon [_thread_blocked, id=16396, stack(0x0000009244500000,0x0000009244600000)]
  0x0000026cfa769790 JavaThread "Notification Thread" daemon [_thread_blocked, id=21136, stack(0x0000009244600000,0x0000009244700000)]
  0x0000026cfa76b710 JavaThread "Common-Cleaner" daemon [_thread_blocked, id=20952, stack(0x0000009244800000,0x0000009244900000)]
  0x0000026cff62a410 JavaThread "/127.0.0.1:53808 to /127.0.0.1:53807 workers" [_thread_blocked, id=1228, stack(0x0000009244a00000,0x0000009244b00000)]
  0x0000026cff6ac270 JavaThread "/127.0.0.1:53808 to /127.0.0.1:53807 workers Thread 2" [_thread_blocked, id=16672, stack(0x0000009244b00000,0x0000009244c00000)]
  0x0000026cff6edc30 JavaThread "/127.0.0.1:53808 to /127.0.0.1:53807 workers Thread 3" [_thread_in_native, id=13324, stack(0x0000009244c00000,0x0000009244d00000)]
  0x0000026cc1a700a0 JavaThread "C2 CompilerThread1" daemon [_thread_in_native, id=22608, stack(0x0000009244d00000,0x0000009244e00000)]

Other Threads:
  0x0000026cfa5f01f0 VMThread "VM Thread" [stack: 0x0000009243c00000,0x0000009243d00000] [id=21224]
  0x0000026cfa76a280 WatcherThread [stack: 0x0000009244700000,0x0000009244800000] [id=23696]
  0x0000026cdfabd320 GCTaskThread "GC Thread#0" [stack: 0x0000009243700000,0x0000009243800000] [id=6512]
  0x0000026cc13ed860 GCTaskThread "GC Thread#1" [stack: 0x0000009244e00000,0x0000009244f00000] [id=5264]
  0x0000026cc10ca070 GCTaskThread "GC Thread#2" [stack: 0x0000009244f00000,0x0000009245000000] [id=14408]
  0x0000026cff6deab0 GCTaskThread "GC Thread#3" [stack: 0x0000009245000000,0x0000009245100000] [id=25496]
  0x0000026cc1258700 GCTaskThread "GC Thread#4" [stack: 0x0000009245100000,0x0000009245200000] [id=20100]
  0x0000026cc105c430 GCTaskThread "GC Thread#5" [stack: 0x0000009245200000,0x0000009245300000] [id=12204]
  0x0000026cc105c6f0 GCTaskThread "GC Thread#6" [stack: 0x0000009245300000,0x0000009245400000] [id=19128]
  0x0000026cc14629f0 GCTaskThread "GC Thread#7" [stack: 0x0000009245400000,0x0000009245500000] [id=23116]
  0x0000026cdfac0160 ConcurrentGCThread "G1 Main Marker" [stack: 0x0000009243800000,0x0000009243900000] [id=19336]
  0x0000026cdfac1230 ConcurrentGCThread "G1 Conc#0" [stack: 0x0000009243900000,0x0000009243a00000] [id=10100]
  0x0000026cfa4b0540 ConcurrentGCThread "G1 Refine#0" [stack: 0x0000009243a00000,0x0000009243b00000] [id=15564]
  0x0000026cc117aa30 ConcurrentGCThread "G1 Refine#1" [stack: 0x0000009245500000,0x0000009245600000] [id=22848]
  0x0000026cc11e9170 ConcurrentGCThread "G1 Refine#2" [stack: 0x0000009245600000,0x0000009245700000] [id=14396]
  0x0000026cdfb2d860 ConcurrentGCThread "G1 Service" [stack: 0x0000009243b00000,0x0000009243c00000] [id=24648]

Threads with active compile tasks:
C2 CompilerThread0     3933 2087       4       java.lang.invoke.MethodType::makeImpl (109 bytes)
C2 CompilerThread1     3933 2088       4       java.lang.invoke.MethodType$ConcurrentWeakInternSet::get (47 bytes)

VM state: not at safepoint (normal execution)

VM Mutex/Monitor currently owned by a thread: None

Heap address: 0x00000000e0000000, size: 512 MB, Compressed Oops mode: 32-bit

CDS archive(s) mapped at: [0x0000026c80000000-0x0000026c80bb0000-0x0000026c80bb0000), size 12255232, SharedBaseAddress: 0x0000026c80000000, ArchiveRelocationMode: 1.
Compressed class space mapped at: 0x0000026c81000000-0x0000026cc1000000, reserved size: 1073741824
Narrow klass base: 0x0000026c80000000, Narrow klass shift: 0, Narrow klass range: 0x100000000

GC Precious Log:
 CPUs: 8 total, 8 available
 Memory: 16272M
 Large Page Support: Disabled
 NUMA Support: Disabled
 Compressed Oops: Enabled (32-bit)
 Heap Region Size: 1M
 Heap Min Capacity: 8M
 Heap Initial Capacity: 256M
 Heap Max Capacity: 512M
 Pre-touch: Disabled
 Parallel Workers: 8
 Concurrent Workers: 2
 Concurrent Refinement Workers: 8
 Periodic GC: Disabled

Heap:
 garbage-first heap   total 262144K, used 39877K [0x00000000e0000000, 0x0000000100000000)
  region size 1024K, 31 young (31744K), 2 survivors (2048K)
 Metaspace       used 14978K, committed 15296K, reserved 1114112K
  class space    used 2041K, committed 2176K, reserved 1048576K

Heap Regions: E=young(eden), S=young(survivor), O=old, HS=humongous(starts), HC=humongous(continues), CS=collection set, F=free, OA=open archive, CA=closed archive, TAMS=top-at-mark-start (previous, next)
|   0|0x00000000e0000000, 0x00000000e0100000, 0x00000000e0100000|100%|HS|  |TAMS 0x00000000e0000000, 0x00000000e0000000| Complete 
|   1|0x00000000e0100000, 0x00000000e0200000, 0x00000000e0200000|100%| O|  |TAMS 0x00000000e0100000, 0x00000000e0100000| Untracked 
|   2|0x00000000e0200000, 0x00000000e0300000, 0x00000000e0300000|100%| O|  |TAMS 0x00000000e0200000, 0x00000000e0200000| Untracked 
|   3|0x00000000e0300000, 0x00000000e0400000, 0x00000000e0400000|100%| O|  |TAMS 0x00000000e0300000, 0x00000000e0300000| Untracked 
|   4|0x00000000e0400000, 0x00000000e0500000, 0x00000000e0500000|100%| O|  |TAMS 0x00000000e0400000, 0x00000000e0400000| Untracked 
|   5|0x00000000e0500000, 0x00000000e0600000, 0x00000000e0600000|100%| O|  |TAMS 0x00000000e0500000, 0x00000000e0500000| Untracked 
|   6|0x00000000e0600000, 0x00000000e0700000, 0x00000000e0700000|100%| O|  |TAMS 0x00000000e0600000, 0x00000000e0600000| Untracked 
|   7|0x00000000e0700000, 0x00000000e0800000, 0x00000000e0800000|100%| O|  |TAMS 0x00000000e0700000, 0x00000000e0700000| Untracked 
|   8|0x00000000e0800000, 0x00000000e0900000, 0x00000000e0900000|100%| O|  |TAMS 0x00000000e0800000, 0x00000000e0800000| Untracked 
|   9|0x00000000e0900000, 0x00000000e0992600, 0x00000000e0a00000| 57%| O|  |TAMS 0x00000000e0900000, 0x00000000e0900000| Untracked 
|  10|0x00000000e0a00000, 0x00000000e0a00000, 0x00000000e0b00000|  0%| F|  |TAMS 0x00000000e0a00000, 0x00000000e0a00000| Untracked 
|  11|0x00000000e0b00000, 0x00000000e0b00000, 0x00000000e0c00000|  0%| F|  |TAMS 0x00000000e0b00000, 0x00000000e0b00000| Untracked 
|  12|0x00000000e0c00000, 0x00000000e0c00000, 0x00000000e0d00000|  0%| F|  |TAMS 0x00000000e0c00000, 0x00000000e0c00000| Untracked 
|  13|0x00000000e0d00000, 0x00000000e0d00000, 0x00000000e0e00000|  0%| F|  |TAMS 0x00000000e0d00000, 0x00000000e0d00000| Untracked 
|  14|0x00000000e0e00000, 0x00000000e0e00000, 0x00000000e0f00000|  0%| F|  |TAMS 0x00000000e0e00000, 0x00000000e0e00000| Untracked 
|  15|0x00000000e0f00000, 0x00000000e0f00000, 0x00000000e1000000|  0%| F|  |TAMS 0x00000000e0f00000, 0x00000000e0f00000| Untracked 
|  16|0x00000000e1000000, 0x00000000e1000000, 0x00000000e1100000|  0%| F|  |TAMS 0x00000000e1000000, 0x00000000e1000000| Untracked 
|  17|0x00000000e1100000, 0x00000000e1100000, 0x00000000e1200000|  0%| F|  |TAMS 0x00000000e1100000, 0x00000000e1100000| Untracked 
|  18|0x00000000e1200000, 0x00000000e1200000, 0x00000000e1300000|  0%| F|  |TAMS 0x00000000e1200000, 0x00000000e1200000| Untracked 
|  19|0x00000000e1300000, 0x00000000e1300000, 0x00000000e1400000|  0%| F|  |TAMS 0x00000000e1300000, 0x00000000e1300000| Untracked 
|  20|0x00000000e1400000, 0x00000000e1400000, 0x00000000e1500000|  0%| F|  |TAMS 0x00000000e1400000, 0x00000000e1400000| Untracked 
|  21|0x00000000e1500000, 0x00000000e1500000, 0x00000000e1600000|  0%| F|  |TAMS 0x00000000e1500000, 0x00000000e1500000| Untracked 
|  22|0x00000000e1600000, 0x00000000e1600000, 0x00000000e1700000|  0%| F|  |TAMS 0x00000000e1600000, 0x00000000e1600000| Untracked 
|  23|0x00000000e1700000, 0x00000000e1700000, 0x00000000e1800000|  0%| F|  |TAMS 0x00000000e1700000, 0x00000000e1700000| Untracked 
|  24|0x00000000e1800000, 0x00000000e1800000, 0x00000000e1900000|  0%| F|  |TAMS 0x00000000e1800000, 0x00000000e1800000| Untracked 
|  25|0x00000000e1900000, 0x00000000e1900000, 0x00000000e1a00000|  0%| F|  |TAMS 0x00000000e1900000, 0x00000000e1900000| Untracked 
|  26|0x00000000e1a00000, 0x00000000e1a00000, 0x00000000e1b00000|  0%| F|  |TAMS 0x00000000e1a00000, 0x00000000e1a00000| Untracked 
|  27|0x00000000e1b00000, 0x00000000e1b00000, 0x00000000e1c00000|  0%| F|  |TAMS 0x00000000e1b00000, 0x00000000e1b00000| Untracked 
|  28|0x00000000e1c00000, 0x00000000e1c00000, 0x00000000e1d00000|  0%| F|  |TAMS 0x00000000e1c00000, 0x00000000e1c00000| Untracked 
|  29|0x00000000e1d00000, 0x00000000e1d00000, 0x00000000e1e00000|  0%| F|  |TAMS 0x00000000e1d00000, 0x00000000e1d00000| Untracked 
|  30|0x00000000e1e00000, 0x00000000e1e00000, 0x00000000e1f00000|  0%| F|  |TAMS 0x00000000e1e00000, 0x00000000e1e00000| Untracked 
|  31|0x00000000e1f00000, 0x00000000e1f00000, 0x00000000e2000000|  0%| F|  |TAMS 0x00000000e1f00000, 0x00000000e1f00000| Untracked 
|  32|0x00000000e2000000, 0x00000000e2000000, 0x00000000e2100000|  0%| F|  |TAMS 0x00000000e2000000, 0x00000000e2000000| Untracked 
|  33|0x00000000e2100000, 0x00000000e2100000, 0x00000000e2200000|  0%| F|  |TAMS 0x00000000e2100000, 0x00000000e2100000| Untracked 
|  34|0x00000000e2200000, 0x00000000e2200000, 0x00000000e2300000|  0%| F|  |TAMS 0x00000000e2200000, 0x00000000e2200000| Untracked 
|  35|0x00000000e2300000, 0x00000000e2300000, 0x00000000e2400000|  0%| F|  |TAMS 0x00000000e2300000, 0x00000000e2300000| Untracked 
|  36|0x00000000e2400000, 0x00000000e2400000, 0x00000000e2500000|  0%| F|  |TAMS 0x00000000e2400000, 0x00000000e2400000| Untracked 
|  37|0x00000000e2500000, 0x00000000e2500000, 0x00000000e2600000|  0%| F|  |TAMS 0x00000000e2500000, 0x00000000e2500000| Untracked 
|  38|0x00000000e2600000, 0x00000000e2600000, 0x00000000e2700000|  0%| F|  |TAMS 0x00000000e2600000, 0x00000000e2600000| Untracked 
|  39|0x00000000e2700000, 0x00000000e2700000, 0x00000000e2800000|  0%| F|  |TAMS 0x00000000e2700000, 0x00000000e2700000| Untracked 
|  40|0x00000000e2800000, 0x00000000e2800000, 0x00000000e2900000|  0%| F|  |TAMS 0x00000000e2800000, 0x00000000e2800000| Untracked 
|  41|0x00000000e2900000, 0x00000000e2900000, 0x00000000e2a00000|  0%| F|  |TAMS 0x00000000e2900000, 0x00000000e2900000| Untracked 
|  42|0x00000000e2a00000, 0x00000000e2a00000, 0x00000000e2b00000|  0%| F|  |TAMS 0x00000000e2a00000, 0x00000000e2a00000| Untracked 
|  43|0x00000000e2b00000, 0x00000000e2b00000, 0x00000000e2c00000|  0%| F|  |TAMS 0x00000000e2b00000, 0x00000000e2b00000| Untracked 
|  44|0x00000000e2c00000, 0x00000000e2c00000, 0x00000000e2d00000|  0%| F|  |TAMS 0x00000000e2c00000, 0x00000000e2c00000| Untracked 
|  45|0x00000000e2d00000, 0x00000000e2d00000, 0x00000000e2e00000|  0%| F|  |TAMS 0x00000000e2d00000, 0x00000000e2d00000| Untracked 
|  46|0x00000000e2e00000, 0x00000000e2e00000, 0x00000000e2f00000|  0%| F|  |TAMS 0x00000000e2e00000, 0x00000000e2e00000| Untracked 
|  47|0x00000000e2f00000, 0x00000000e2f00000, 0x00000000e3000000|  0%| F|  |TAMS 0x00000000e2f00000, 0x00000000e2f00000| Untracked 
|  48|0x00000000e3000000, 0x00000000e3000000, 0x00000000e3100000|  0%| F|  |TAMS 0x00000000e3000000, 0x00000000e3000000| Untracked 
|  49|0x00000000e3100000, 0x00000000e3100000, 0x00000000e3200000|  0%| F|  |TAMS 0x00000000e3100000, 0x00000000e3100000| Untracked 
|  50|0x00000000e3200000, 0x00000000e3200000, 0x00000000e3300000|  0%| F|  |TAMS 0x00000000e3200000, 0x00000000e3200000| Untracked 
|  51|0x00000000e3300000, 0x00000000e3300000, 0x00000000e3400000|  0%| F|  |TAMS 0x00000000e3300000, 0x00000000e3300000| Untracked 
|  52|0x00000000e3400000, 0x00000000e3400000, 0x00000000e3500000|  0%| F|  |TAMS 0x00000000e3400000, 0x00000000e3400000| Untracked 
|  53|0x00000000e3500000, 0x00000000e3500000, 0x00000000e3600000|  0%| F|  |TAMS 0x00000000e3500000, 0x00000000e3500000| Untracked 
|  54|0x00000000e3600000, 0x00000000e3600000, 0x00000000e3700000|  0%| F|  |TAMS 0x00000000e3600000, 0x00000000e3600000| Untracked 
|  55|0x00000000e3700000, 0x00000000e3700000, 0x00000000e3800000|  0%| F|  |TAMS 0x00000000e3700000, 0x00000000e3700000| Untracked 
|  56|0x00000000e3800000, 0x00000000e3800000, 0x00000000e3900000|  0%| F|  |TAMS 0x00000000e3800000, 0x00000000e3800000| Untracked 
|  57|0x00000000e3900000, 0x00000000e3900000, 0x00000000e3a00000|  0%| F|  |TAMS 0x00000000e3900000, 0x00000000e3900000| Untracked 
|  58|0x00000000e3a00000, 0x00000000e3a00000, 0x00000000e3b00000|  0%| F|  |TAMS 0x00000000e3a00000, 0x00000000e3a00000| Untracked 
|  59|0x00000000e3b00000, 0x00000000e3b00000, 0x00000000e3c00000|  0%| F|  |TAMS 0x00000000e3b00000, 0x00000000e3b00000| Untracked 
|  60|0x00000000e3c00000, 0x00000000e3c00000, 0x00000000e3d00000|  0%| F|  |TAMS 0x00000000e3c00000, 0x00000000e3c00000| Untracked 
|  61|0x00000000e3d00000, 0x00000000e3d00000, 0x00000000e3e00000|  0%| F|  |TAMS 0x00000000e3d00000, 0x00000000e3d00000| Untracked 
|  62|0x00000000e3e00000, 0x00000000e3e00000, 0x00000000e3f00000|  0%| F|  |TAMS 0x00000000e3e00000, 0x00000000e3e00000| Untracked 
|  63|0x00000000e3f00000, 0x00000000e3f00000, 0x00000000e4000000|  0%| F|  |TAMS 0x00000000e3f00000, 0x00000000e3f00000| Untracked 
|  64|0x00000000e4000000, 0x00000000e4000000, 0x00000000e4100000|  0%| F|  |TAMS 0x00000000e4000000, 0x00000000e4000000| Untracked 
|  65|0x00000000e4100000, 0x00000000e4100000, 0x00000000e4200000|  0%| F|  |TAMS 0x00000000e4100000, 0x00000000e4100000| Untracked 
|  66|0x00000000e4200000, 0x00000000e4200000, 0x00000000e4300000|  0%| F|  |TAMS 0x00000000e4200000, 0x00000000e4200000| Untracked 
|  67|0x00000000e4300000, 0x00000000e4300000, 0x00000000e4400000|  0%| F|  |TAMS 0x00000000e4300000, 0x00000000e4300000| Untracked 
|  68|0x00000000e4400000, 0x00000000e4400000, 0x00000000e4500000|  0%| F|  |TAMS 0x00000000e4400000, 0x00000000e4400000| Untracked 
|  69|0x00000000e4500000, 0x00000000e4500000, 0x00000000e4600000|  0%| F|  |TAMS 0x00000000e4500000, 0x00000000e4500000| Untracked 
|  70|0x00000000e4600000, 0x00000000e4600000, 0x00000000e4700000|  0%| F|  |TAMS 0x00000000e4600000, 0x00000000e4600000| Untracked 
|  71|0x00000000e4700000, 0x00000000e4700000, 0x00000000e4800000|  0%| F|  |TAMS 0x00000000e4700000, 0x00000000e4700000| Untracked 
|  72|0x00000000e4800000, 0x00000000e4800000, 0x00000000e4900000|  0%| F|  |TAMS 0x00000000e4800000, 0x00000000e4800000| Untracked 
|  73|0x00000000e4900000, 0x00000000e4900000, 0x00000000e4a00000|  0%| F|  |TAMS 0x00000000e4900000, 0x00000000e4900000| Untracked 
|  74|0x00000000e4a00000, 0x00000000e4a00000, 0x00000000e4b00000|  0%| F|  |TAMS 0x00000000e4a00000, 0x00000000e4a00000| Untracked 
|  75|0x00000000e4b00000, 0x00000000e4b00000, 0x00000000e4c00000|  0%| F|  |TAMS 0x00000000e4b00000, 0x00000000e4b00000| Untracked 
|  76|0x00000000e4c00000, 0x00000000e4c00000, 0x00000000e4d00000|  0%| F|  |TAMS 0x00000000e4c00000, 0x00000000e4c00000| Untracked 
|  77|0x00000000e4d00000, 0x00000000e4d00000, 0x00000000e4e00000|  0%| F|  |TAMS 0x00000000e4d00000, 0x00000000e4d00000| Untracked 
|  78|0x00000000e4e00000, 0x00000000e4e00000, 0x00000000e4f00000|  0%| F|  |TAMS 0x00000000e4e00000, 0x00000000e4e00000| Untracked 
|  79|0x00000000e4f00000, 0x00000000e4f00000, 0x00000000e5000000|  0%| F|  |TAMS 0x00000000e4f00000, 0x00000000e4f00000| Untracked 
|  80|0x00000000e5000000, 0x00000000e5000000, 0x00000000e5100000|  0%| F|  |TAMS 0x00000000e5000000, 0x00000000e5000000| Untracked 
|  81|0x00000000e5100000, 0x00000000e5100000, 0x00000000e5200000|  0%| F|  |TAMS 0x00000000e5100000, 0x00000000e5100000| Untracked 
|  82|0x00000000e5200000, 0x00000000e5200000, 0x00000000e5300000|  0%| F|  |TAMS 0x00000000e5200000, 0x00000000e5200000| Untracked 
|  83|0x00000000e5300000, 0x00000000e5300000, 0x00000000e5400000|  0%| F|  |TAMS 0x00000000e5300000, 0x00000000e5300000| Untracked 
|  84|0x00000000e5400000, 0x00000000e5400000, 0x00000000e5500000|  0%| F|  |TAMS 0x00000000e5400000, 0x00000000e5400000| Untracked 
|  85|0x00000000e5500000, 0x00000000e5500000, 0x00000000e5600000|  0%| F|  |TAMS 0x00000000e5500000, 0x00000000e5500000| Untracked 
|  86|0x00000000e5600000, 0x00000000e5600000, 0x00000000e5700000|  0%| F|  |TAMS 0x00000000e5600000, 0x00000000e5600000| Untracked 
|  87|0x00000000e5700000, 0x00000000e5700000, 0x00000000e5800000|  0%| F|  |TAMS 0x00000000e5700000, 0x00000000e5700000| Untracked 
|  88|0x00000000e5800000, 0x00000000e5800000, 0x00000000e5900000|  0%| F|  |TAMS 0x00000000e5800000, 0x00000000e5800000| Untracked 
|  89|0x00000000e5900000, 0x00000000e5900000, 0x00000000e5a00000|  0%| F|  |TAMS 0x00000000e5900000, 0x00000000e5900000| Untracked 
|  90|0x00000000e5a00000, 0x00000000e5a00000, 0x00000000e5b00000|  0%| F|  |TAMS 0x00000000e5a00000, 0x00000000e5a00000| Untracked 
|  91|0x00000000e5b00000, 0x00000000e5b00000, 0x00000000e5c00000|  0%| F|  |TAMS 0x00000000e5b00000, 0x00000000e5b00000| Untracked 
|  92|0x00000000e5c00000, 0x00000000e5c00000, 0x00000000e5d00000|  0%| F|  |TAMS 0x00000000e5c00000, 0x00000000e5c00000| Untracked 
|  93|0x00000000e5d00000, 0x00000000e5d00000, 0x00000000e5e00000|  0%| F|  |TAMS 0x00000000e5d00000, 0x00000000e5d00000| Untracked 
|  94|0x00000000e5e00000, 0x00000000e5e00000, 0x00000000e5f00000|  0%| F|  |TAMS 0x00000000e5e00000, 0x00000000e5e00000| Untracked 
|  95|0x00000000e5f00000, 0x00000000e5f00000, 0x00000000e6000000|  0%| F|  |TAMS 0x00000000e5f00000, 0x00000000e5f00000| Untracked 
|  96|0x00000000e6000000, 0x00000000e6000000, 0x00000000e6100000|  0%| F|  |TAMS 0x00000000e6000000, 0x00000000e6000000| Untracked 
|  97|0x00000000e6100000, 0x00000000e6100000, 0x00000000e6200000|  0%| F|  |TAMS 0x00000000e6100000, 0x00000000e6100000| Untracked 
|  98|0x00000000e6200000, 0x00000000e6200000, 0x00000000e6300000|  0%| F|  |TAMS 0x00000000e6200000, 0x00000000e6200000| Untracked 
|  99|0x00000000e6300000, 0x00000000e6300000, 0x00000000e6400000|  0%| F|  |TAMS 0x00000000e6300000, 0x00000000e6300000| Untracked 
| 100|0x00000000e6400000, 0x00000000e6400000, 0x00000000e6500000|  0%| F|  |TAMS 0x00000000e6400000, 0x00000000e6400000| Untracked 
| 101|0x00000000e6500000, 0x00000000e6500000, 0x00000000e6600000|  0%| F|  |TAMS 0x00000000e6500000, 0x00000000e6500000| Untracked 
| 102|0x00000000e6600000, 0x00000000e6600000, 0x00000000e6700000|  0%| F|  |TAMS 0x00000000e6600000, 0x00000000e6600000| Untracked 
| 103|0x00000000e6700000, 0x00000000e6700000, 0x00000000e6800000|  0%| F|  |TAMS 0x00000000e6700000, 0x00000000e6700000| Untracked 
| 104|0x00000000e6800000, 0x00000000e6800000, 0x00000000e6900000|  0%| F|  |TAMS 0x00000000e6800000, 0x00000000e6800000| Untracked 
| 105|0x00000000e6900000, 0x00000000e6900000, 0x00000000e6a00000|  0%| F|  |TAMS 0x00000000e6900000, 0x00000000e6900000| Untracked 
| 106|0x00000000e6a00000, 0x00000000e6a00000, 0x00000000e6b00000|  0%| F|  |TAMS 0x00000000e6a00000, 0x00000000e6a00000| Untracked 
| 107|0x00000000e6b00000, 0x00000000e6b00000, 0x00000000e6c00000|  0%| F|  |TAMS 0x00000000e6b00000, 0x00000000e6b00000| Untracked 
| 108|0x00000000e6c00000, 0x00000000e6c00000, 0x00000000e6d00000|  0%| F|  |TAMS 0x00000000e6c00000, 0x00000000e6c00000| Untracked 
| 109|0x00000000e6d00000, 0x00000000e6d00000, 0x00000000e6e00000|  0%| F|  |TAMS 0x00000000e6d00000, 0x00000000e6d00000| Untracked 
| 110|0x00000000e6e00000, 0x00000000e6e00000, 0x00000000e6f00000|  0%| F|  |TAMS 0x00000000e6e00000, 0x00000000e6e00000| Untracked 
| 111|0x00000000e6f00000, 0x00000000e6f00000, 0x00000000e7000000|  0%| F|  |TAMS 0x00000000e6f00000, 0x00000000e6f00000| Untracked 
| 112|0x00000000e7000000, 0x00000000e7000000, 0x00000000e7100000|  0%| F|  |TAMS 0x00000000e7000000, 0x00000000e7000000| Untracked 
| 113|0x00000000e7100000, 0x00000000e7100000, 0x00000000e7200000|  0%| F|  |TAMS 0x00000000e7100000, 0x00000000e7100000| Untracked 
| 114|0x00000000e7200000, 0x00000000e7200000, 0x00000000e7300000|  0%| F|  |TAMS 0x00000000e7200000, 0x00000000e7200000| Untracked 
| 115|0x00000000e7300000, 0x00000000e7300000, 0x00000000e7400000|  0%| F|  |TAMS 0x00000000e7300000, 0x00000000e7300000| Untracked 
| 116|0x00000000e7400000, 0x00000000e7400000, 0x00000000e7500000|  0%| F|  |TAMS 0x00000000e7400000, 0x00000000e7400000| Untracked 
| 117|0x00000000e7500000, 0x00000000e7500000, 0x00000000e7600000|  0%| F|  |TAMS 0x00000000e7500000, 0x00000000e7500000| Untracked 
| 118|0x00000000e7600000, 0x00000000e7600000, 0x00000000e7700000|  0%| F|  |TAMS 0x00000000e7600000, 0x00000000e7600000| Untracked 
| 119|0x00000000e7700000, 0x00000000e7700000, 0x00000000e7800000|  0%| F|  |TAMS 0x00000000e7700000, 0x00000000e7700000| Untracked 
| 120|0x00000000e7800000, 0x00000000e7800000, 0x00000000e7900000|  0%| F|  |TAMS 0x00000000e7800000, 0x00000000e7800000| Untracked 
| 121|0x00000000e7900000, 0x00000000e7900000, 0x00000000e7a00000|  0%| F|  |TAMS 0x00000000e7900000, 0x00000000e7900000| Untracked 
| 122|0x00000000e7a00000, 0x00000000e7a00000, 0x00000000e7b00000|  0%| F|  |TAMS 0x00000000e7a00000, 0x00000000e7a00000| Untracked 
| 123|0x00000000e7b00000, 0x00000000e7b00000, 0x00000000e7c00000|  0%| F|  |TAMS 0x00000000e7b00000, 0x00000000e7b00000| Untracked 
| 124|0x00000000e7c00000, 0x00000000e7c00000, 0x00000000e7d00000|  0%| F|  |TAMS 0x00000000e7c00000, 0x00000000e7c00000| Untracked 
| 125|0x00000000e7d00000, 0x00000000e7d00000, 0x00000000e7e00000|  0%| F|  |TAMS 0x00000000e7d00000, 0x00000000e7d00000| Untracked 
| 126|0x00000000e7e00000, 0x00000000e7e00000, 0x00000000e7f00000|  0%| F|  |TAMS 0x00000000e7e00000, 0x00000000e7e00000| Untracked 
| 127|0x00000000e7f00000, 0x00000000e7f00000, 0x00000000e8000000|  0%| F|  |TAMS 0x00000000e7f00000, 0x00000000e7f00000| Untracked 
| 128|0x00000000e8000000, 0x00000000e8000000, 0x00000000e8100000|  0%| F|  |TAMS 0x00000000e8000000, 0x00000000e8000000| Untracked 
| 129|0x00000000e8100000, 0x00000000e8100000, 0x00000000e8200000|  0%| F|  |TAMS 0x00000000e8100000, 0x00000000e8100000| Untracked 
| 130|0x00000000e8200000, 0x00000000e8200000, 0x00000000e8300000|  0%| F|  |TAMS 0x00000000e8200000, 0x00000000e8200000| Untracked 
| 131|0x00000000e8300000, 0x00000000e8300000, 0x00000000e8400000|  0%| F|  |TAMS 0x00000000e8300000, 0x00000000e8300000| Untracked 
| 132|0x00000000e8400000, 0x00000000e8400000, 0x00000000e8500000|  0%| F|  |TAMS 0x00000000e8400000, 0x00000000e8400000| Untracked 
| 133|0x00000000e8500000, 0x00000000e8500000, 0x00000000e8600000|  0%| F|  |TAMS 0x00000000e8500000, 0x00000000e8500000| Untracked 
| 134|0x00000000e8600000, 0x00000000e8600000, 0x00000000e8700000|  0%| F|  |TAMS 0x00000000e8600000, 0x00000000e8600000| Untracked 
| 135|0x00000000e8700000, 0x00000000e8700000, 0x00000000e8800000|  0%| F|  |TAMS 0x00000000e8700000, 0x00000000e8700000| Untracked 
| 136|0x00000000e8800000, 0x00000000e8800000, 0x00000000e8900000|  0%| F|  |TAMS 0x00000000e8800000, 0x00000000e8800000| Untracked 
| 137|0x00000000e8900000, 0x00000000e8900000, 0x00000000e8a00000|  0%| F|  |TAMS 0x00000000e8900000, 0x00000000e8900000| Untracked 
| 138|0x00000000e8a00000, 0x00000000e8a00000, 0x00000000e8b00000|  0%| F|  |TAMS 0x00000000e8a00000, 0x00000000e8a00000| Untracked 
| 139|0x00000000e8b00000, 0x00000000e8b00000, 0x00000000e8c00000|  0%| F|  |TAMS 0x00000000e8b00000, 0x00000000e8b00000| Untracked 
| 140|0x00000000e8c00000, 0x00000000e8c00000, 0x00000000e8d00000|  0%| F|  |TAMS 0x00000000e8c00000, 0x00000000e8c00000| Untracked 
| 141|0x00000000e8d00000, 0x00000000e8d00000, 0x00000000e8e00000|  0%| F|  |TAMS 0x00000000e8d00000, 0x00000000e8d00000| Untracked 
| 142|0x00000000e8e00000, 0x00000000e8e00000, 0x00000000e8f00000|  0%| F|  |TAMS 0x00000000e8e00000, 0x00000000e8e00000| Untracked 
| 143|0x00000000e8f00000, 0x00000000e8f00000, 0x00000000e9000000|  0%| F|  |TAMS 0x00000000e8f00000, 0x00000000e8f00000| Untracked 
| 144|0x00000000e9000000, 0x00000000e9000000, 0x00000000e9100000|  0%| F|  |TAMS 0x00000000e9000000, 0x00000000e9000000| Untracked 
| 145|0x00000000e9100000, 0x00000000e9100000, 0x00000000e9200000|  0%| F|  |TAMS 0x00000000e9100000, 0x00000000e9100000| Untracked 
| 146|0x00000000e9200000, 0x00000000e9200000, 0x00000000e9300000|  0%| F|  |TAMS 0x00000000e9200000, 0x00000000e9200000| Untracked 
| 147|0x00000000e9300000, 0x00000000e9300000, 0x00000000e9400000|  0%| F|  |TAMS 0x00000000e9300000, 0x00000000e9300000| Untracked 
| 148|0x00000000e9400000, 0x00000000e9400000, 0x00000000e9500000|  0%| F|  |TAMS 0x00000000e9400000, 0x00000000e9400000| Untracked 
| 149|0x00000000e9500000, 0x00000000e9500000, 0x00000000e9600000|  0%| F|  |TAMS 0x00000000e9500000, 0x00000000e9500000| Untracked 
| 150|0x00000000e9600000, 0x00000000e9600000, 0x00000000e9700000|  0%| F|  |TAMS 0x00000000e9600000, 0x00000000e9600000| Untracked 
| 151|0x00000000e9700000, 0x00000000e9700000, 0x00000000e9800000|  0%| F|  |TAMS 0x00000000e9700000, 0x00000000e9700000| Untracked 
| 152|0x00000000e9800000, 0x00000000e9800000, 0x00000000e9900000|  0%| F|  |TAMS 0x00000000e9800000, 0x00000000e9800000| Untracked 
| 153|0x00000000e9900000, 0x00000000e9900000, 0x00000000e9a00000|  0%| F|  |TAMS 0x00000000e9900000, 0x00000000e9900000| Untracked 
| 154|0x00000000e9a00000, 0x00000000e9a00000, 0x00000000e9b00000|  0%| F|  |TAMS 0x00000000e9a00000, 0x00000000e9a00000| Untracked 
| 155|0x00000000e9b00000, 0x00000000e9b00000, 0x00000000e9c00000|  0%| F|  |TAMS 0x00000000e9b00000, 0x00000000e9b00000| Untracked 
| 156|0x00000000e9c00000, 0x00000000e9c00000, 0x00000000e9d00000|  0%| F|  |TAMS 0x00000000e9c00000, 0x00000000e9c00000| Untracked 
| 157|0x00000000e9d00000, 0x00000000e9d00000, 0x00000000e9e00000|  0%| F|  |TAMS 0x00000000e9d00000, 0x00000000e9d00000| Untracked 
| 158|0x00000000e9e00000, 0x00000000e9e00000, 0x00000000e9f00000|  0%| F|  |TAMS 0x00000000e9e00000, 0x00000000e9e00000| Untracked 
| 159|0x00000000e9f00000, 0x00000000e9f00000, 0x00000000ea000000|  0%| F|  |TAMS 0x00000000e9f00000, 0x00000000e9f00000| Untracked 
| 160|0x00000000ea000000, 0x00000000ea000000, 0x00000000ea100000|  0%| F|  |TAMS 0x00000000ea000000, 0x00000000ea000000| Untracked 
| 161|0x00000000ea100000, 0x00000000ea100000, 0x00000000ea200000|  0%| F|  |TAMS 0x00000000ea100000, 0x00000000ea100000| Untracked 
| 162|0x00000000ea200000, 0x00000000ea200000, 0x00000000ea300000|  0%| F|  |TAMS 0x00000000ea200000, 0x00000000ea200000| Untracked 
| 163|0x00000000ea300000, 0x00000000ea300000, 0x00000000ea400000|  0%| F|  |TAMS 0x00000000ea300000, 0x00000000ea300000| Untracked 
| 164|0x00000000ea400000, 0x00000000ea400000, 0x00000000ea500000|  0%| F|  |TAMS 0x00000000ea400000, 0x00000000ea400000| Untracked 
| 165|0x00000000ea500000, 0x00000000ea500000, 0x00000000ea600000|  0%| F|  |TAMS 0x00000000ea500000, 0x00000000ea500000| Untracked 
| 166|0x00000000ea600000, 0x00000000ea600000, 0x00000000ea700000|  0%| F|  |TAMS 0x00000000ea600000, 0x00000000ea600000| Untracked 
| 167|0x00000000ea700000, 0x00000000ea700000, 0x00000000ea800000|  0%| F|  |TAMS 0x00000000ea700000, 0x00000000ea700000| Untracked 
| 168|0x00000000ea800000, 0x00000000ea800000, 0x00000000ea900000|  0%| F|  |TAMS 0x00000000ea800000, 0x00000000ea800000| Untracked 
| 169|0x00000000ea900000, 0x00000000ea900000, 0x00000000eaa00000|  0%| F|  |TAMS 0x00000000ea900000, 0x00000000ea900000| Untracked 
| 170|0x00000000eaa00000, 0x00000000eaa00000, 0x00000000eab00000|  0%| F|  |TAMS 0x00000000eaa00000, 0x00000000eaa00000| Untracked 
| 171|0x00000000eab00000, 0x00000000eab00000, 0x00000000eac00000|  0%| F|  |TAMS 0x00000000eab00000, 0x00000000eab00000| Untracked 
| 172|0x00000000eac00000, 0x00000000eac00000, 0x00000000ead00000|  0%| F|  |TAMS 0x00000000eac00000, 0x00000000eac00000| Untracked 
| 173|0x00000000ead00000, 0x00000000ead00000, 0x00000000eae00000|  0%| F|  |TAMS 0x00000000ead00000, 0x00000000ead00000| Untracked 
| 174|0x00000000eae00000, 0x00000000eae00000, 0x00000000eaf00000|  0%| F|  |TAMS 0x00000000eae00000, 0x00000000eae00000| Untracked 
| 175|0x00000000eaf00000, 0x00000000eaf00000, 0x00000000eb000000|  0%| F|  |TAMS 0x00000000eaf00000, 0x00000000eaf00000| Untracked 
| 176|0x00000000eb000000, 0x00000000eb000000, 0x00000000eb100000|  0%| F|  |TAMS 0x00000000eb000000, 0x00000000eb000000| Untracked 
| 177|0x00000000eb100000, 0x00000000eb100000, 0x00000000eb200000|  0%| F|  |TAMS 0x00000000eb100000, 0x00000000eb100000| Untracked 
| 178|0x00000000eb200000, 0x00000000eb200000, 0x00000000eb300000|  0%| F|  |TAMS 0x00000000eb200000, 0x00000000eb200000| Untracked 
| 179|0x00000000eb300000, 0x00000000eb300000, 0x00000000eb400000|  0%| F|  |TAMS 0x00000000eb300000, 0x00000000eb300000| Untracked 
| 180|0x00000000eb400000, 0x00000000eb400000, 0x00000000eb500000|  0%| F|  |TAMS 0x00000000eb400000, 0x00000000eb400000| Untracked 
| 181|0x00000000eb500000, 0x00000000eb500000, 0x00000000eb600000|  0%| F|  |TAMS 0x00000000eb500000, 0x00000000eb500000| Untracked 
| 182|0x00000000eb600000, 0x00000000eb600000, 0x00000000eb700000|  0%| F|  |TAMS 0x00000000eb600000, 0x00000000eb600000| Untracked 
| 183|0x00000000eb700000, 0x00000000eb700000, 0x00000000eb800000|  0%| F|  |TAMS 0x00000000eb700000, 0x00000000eb700000| Untracked 
| 184|0x00000000eb800000, 0x00000000eb800000, 0x00000000eb900000|  0%| F|  |TAMS 0x00000000eb800000, 0x00000000eb800000| Untracked 
| 185|0x00000000eb900000, 0x00000000eb900000, 0x00000000eba00000|  0%| F|  |TAMS 0x00000000eb900000, 0x00000000eb900000| Untracked 
| 186|0x00000000eba00000, 0x00000000eba00000, 0x00000000ebb00000|  0%| F|  |TAMS 0x00000000eba00000, 0x00000000eba00000| Untracked 
| 187|0x00000000ebb00000, 0x00000000ebb00000, 0x00000000ebc00000|  0%| F|  |TAMS 0x00000000ebb00000, 0x00000000ebb00000| Untracked 
| 188|0x00000000ebc00000, 0x00000000ebc00000, 0x00000000ebd00000|  0%| F|  |TAMS 0x00000000ebc00000, 0x00000000ebc00000| Untracked 
| 189|0x00000000ebd00000, 0x00000000ebd00000, 0x00000000ebe00000|  0%| F|  |TAMS 0x00000000ebd00000, 0x00000000ebd00000| Untracked 
| 190|0x00000000ebe00000, 0x00000000ebe00000, 0x00000000ebf00000|  0%| F|  |TAMS 0x00000000ebe00000, 0x00000000ebe00000| Untracked 
| 191|0x00000000ebf00000, 0x00000000ebf00000, 0x00000000ec000000|  0%| F|  |TAMS 0x00000000ebf00000, 0x00000000ebf00000| Untracked 
| 192|0x00000000ec000000, 0x00000000ec000000, 0x00000000ec100000|  0%| F|  |TAMS 0x00000000ec000000, 0x00000000ec000000| Untracked 
| 193|0x00000000ec100000, 0x00000000ec100000, 0x00000000ec200000|  0%| F|  |TAMS 0x00000000ec100000, 0x00000000ec100000| Untracked 
| 194|0x00000000ec200000, 0x00000000ec200000, 0x00000000ec300000|  0%| F|  |TAMS 0x00000000ec200000, 0x00000000ec200000| Untracked 
| 195|0x00000000ec300000, 0x00000000ec300000, 0x00000000ec400000|  0%| F|  |TAMS 0x00000000ec300000, 0x00000000ec300000| Untracked 
| 196|0x00000000ec400000, 0x00000000ec400000, 0x00000000ec500000|  0%| F|  |TAMS 0x00000000ec400000, 0x00000000ec400000| Untracked 
| 197|0x00000000ec500000, 0x00000000ec500000, 0x00000000ec600000|  0%| F|  |TAMS 0x00000000ec500000, 0x00000000ec500000| Untracked 
| 198|0x00000000ec600000, 0x00000000ec600000, 0x00000000ec700000|  0%| F|  |TAMS 0x00000000ec600000, 0x00000000ec600000| Untracked 
| 199|0x00000000ec700000, 0x00000000ec700000, 0x00000000ec800000|  0%| F|  |TAMS 0x00000000ec700000, 0x00000000ec700000| Untracked 
| 200|0x00000000ec800000, 0x00000000ec800000, 0x00000000ec900000|  0%| F|  |TAMS 0x00000000ec800000, 0x00000000ec800000| Untracked 
| 201|0x00000000ec900000, 0x00000000ec900000, 0x00000000eca00000|  0%| F|  |TAMS 0x00000000ec900000, 0x00000000ec900000| Untracked 
| 202|0x00000000eca00000, 0x00000000eca00000, 0x00000000ecb00000|  0%| F|  |TAMS 0x00000000eca00000, 0x00000000eca00000| Untracked 
| 203|0x00000000ecb00000, 0x00000000ecb00000, 0x00000000ecc00000|  0%| F|  |TAMS 0x00000000ecb00000, 0x00000000ecb00000| Untracked 
| 204|0x00000000ecc00000, 0x00000000ecc00000, 0x00000000ecd00000|  0%| F|  |TAMS 0x00000000ecc00000, 0x00000000ecc00000| Untracked 
| 205|0x00000000ecd00000, 0x00000000ecd00000, 0x00000000ece00000|  0%| F|  |TAMS 0x00000000ecd00000, 0x00000000ecd00000| Untracked 
| 206|0x00000000ece00000, 0x00000000ece00000, 0x00000000ecf00000|  0%| F|  |TAMS 0x00000000ece00000, 0x00000000ece00000| Untracked 
| 207|0x00000000ecf00000, 0x00000000ecf00000, 0x00000000ed000000|  0%| F|  |TAMS 0x00000000ecf00000, 0x00000000ecf00000| Untracked 
| 208|0x00000000ed000000, 0x00000000ed000000, 0x00000000ed100000|  0%| F|  |TAMS 0x00000000ed000000, 0x00000000ed000000| Untracked 
| 209|0x00000000ed100000, 0x00000000ed100000, 0x00000000ed200000|  0%| F|  |TAMS 0x00000000ed100000, 0x00000000ed100000| Untracked 
| 210|0x00000000ed200000, 0x00000000ed200000, 0x00000000ed300000|  0%| F|  |TAMS 0x00000000ed200000, 0x00000000ed200000| Untracked 
| 211|0x00000000ed300000, 0x00000000ed300000, 0x00000000ed400000|  0%| F|  |TAMS 0x00000000ed300000, 0x00000000ed300000| Untracked 
| 212|0x00000000ed400000, 0x00000000ed400000, 0x00000000ed500000|  0%| F|  |TAMS 0x00000000ed400000, 0x00000000ed400000| Untracked 
| 213|0x00000000ed500000, 0x00000000ed500000, 0x00000000ed600000|  0%| F|  |TAMS 0x00000000ed500000, 0x00000000ed500000| Untracked 
| 214|0x00000000ed600000, 0x00000000ed600000, 0x00000000ed700000|  0%| F|  |TAMS 0x00000000ed600000, 0x00000000ed600000| Untracked 
| 215|0x00000000ed700000, 0x00000000ed700000, 0x00000000ed800000|  0%| F|  |TAMS 0x00000000ed700000, 0x00000000ed700000| Untracked 
| 216|0x00000000ed800000, 0x00000000ed800000, 0x00000000ed900000|  0%| F|  |TAMS 0x00000000ed800000, 0x00000000ed800000| Untracked 
| 217|0x00000000ed900000, 0x00000000ed900000, 0x00000000eda00000|  0%| F|  |TAMS 0x00000000ed900000, 0x00000000ed900000| Untracked 
| 218|0x00000000eda00000, 0x00000000eda00000, 0x00000000edb00000|  0%| F|  |TAMS 0x00000000eda00000, 0x00000000eda00000| Untracked 
| 219|0x00000000edb00000, 0x00000000edb00000, 0x00000000edc00000|  0%| F|  |TAMS 0x00000000edb00000, 0x00000000edb00000| Untracked 
| 220|0x00000000edc00000, 0x00000000edc00000, 0x00000000edd00000|  0%| F|  |TAMS 0x00000000edc00000, 0x00000000edc00000| Untracked 
| 221|0x00000000edd00000, 0x00000000edd00000, 0x00000000ede00000|  0%| F|  |TAMS 0x00000000edd00000, 0x00000000edd00000| Untracked 
| 222|0x00000000ede00000, 0x00000000ede00000, 0x00000000edf00000|  0%| F|  |TAMS 0x00000000ede00000, 0x00000000ede00000| Untracked 
| 223|0x00000000edf00000, 0x00000000edf00000, 0x00000000ee000000|  0%| F|  |TAMS 0x00000000edf00000, 0x00000000edf00000| Untracked 
| 224|0x00000000ee000000, 0x00000000ee080c10, 0x00000000ee100000| 50%| E|  |TAMS 0x00000000ee000000, 0x00000000ee000000| Complete 
| 225|0x00000000ee100000, 0x00000000ee200000, 0x00000000ee200000|100%| E|CS|TAMS 0x00000000ee100000, 0x00000000ee100000| Complete 
| 226|0x00000000ee200000, 0x00000000ee300000, 0x00000000ee300000|100%| E|CS|TAMS 0x00000000ee200000, 0x00000000ee200000| Complete 
| 227|0x00000000ee300000, 0x00000000ee400000, 0x00000000ee400000|100%| E|CS|TAMS 0x00000000ee300000, 0x00000000ee300000| Complete 
| 228|0x00000000ee400000, 0x00000000ee500000, 0x00000000ee500000|100%| E|CS|TAMS 0x00000000ee400000, 0x00000000ee400000| Complete 
| 229|0x00000000ee500000, 0x00000000ee600000, 0x00000000ee600000|100%| E|CS|TAMS 0x00000000ee500000, 0x00000000ee500000| Complete 
| 230|0x00000000ee600000, 0x00000000ee700000, 0x00000000ee700000|100%| E|CS|TAMS 0x00000000ee600000, 0x00000000ee600000| Complete 
| 231|0x00000000ee700000, 0x00000000ee800000, 0x00000000ee800000|100%| E|CS|TAMS 0x00000000ee700000, 0x00000000ee700000| Complete 
| 232|0x00000000ee800000, 0x00000000ee900000, 0x00000000ee900000|100%| E|CS|TAMS 0x00000000ee800000, 0x00000000ee800000| Complete 
| 233|0x00000000ee900000, 0x00000000eea00000, 0x00000000eea00000|100%| E|CS|TAMS 0x00000000ee900000, 0x00000000ee900000| Complete 
| 234|0x00000000eea00000, 0x00000000eeb00000, 0x00000000eeb00000|100%| E|CS|TAMS 0x00000000eea00000, 0x00000000eea00000| Complete 
| 235|0x00000000eeb00000, 0x00000000eeb5f1c0, 0x00000000eec00000| 37%| S|CS|TAMS 0x00000000eeb00000, 0x00000000eeb00000| Complete 
| 236|0x00000000eec00000, 0x00000000eed00000, 0x00000000eed00000|100%| S|CS|TAMS 0x00000000eec00000, 0x00000000eec00000| Complete 
| 237|0x00000000eed00000, 0x00000000eee00000, 0x00000000eee00000|100%| E|CS|TAMS 0x00000000eed00000, 0x00000000eed00000| Complete 
| 238|0x00000000eee00000, 0x00000000eef00000, 0x00000000eef00000|100%| E|CS|TAMS 0x00000000eee00000, 0x00000000eee00000| Complete 
| 239|0x00000000eef00000, 0x00000000ef000000, 0x00000000ef000000|100%| E|CS|TAMS 0x00000000eef00000, 0x00000000eef00000| Complete 
| 240|0x00000000ef000000, 0x00000000ef100000, 0x00000000ef100000|100%| E|CS|TAMS 0x00000000ef000000, 0x00000000ef000000| Complete 
| 241|0x00000000ef100000, 0x00000000ef200000, 0x00000000ef200000|100%| E|CS|TAMS 0x00000000ef100000, 0x00000000ef100000| Complete 
| 242|0x00000000ef200000, 0x00000000ef300000, 0x00000000ef300000|100%| E|CS|TAMS 0x00000000ef200000, 0x00000000ef200000| Complete 
| 243|0x00000000ef300000, 0x00000000ef400000, 0x00000000ef400000|100%| E|CS|TAMS 0x00000000ef300000, 0x00000000ef300000| Complete 
| 244|0x00000000ef400000, 0x00000000ef500000, 0x00000000ef500000|100%| E|CS|TAMS 0x00000000ef400000, 0x00000000ef400000| Complete 
| 245|0x00000000ef500000, 0x00000000ef600000, 0x00000000ef600000|100%| E|CS|TAMS 0x00000000ef500000, 0x00000000ef500000| Complete 
| 246|0x00000000ef600000, 0x00000000ef700000, 0x00000000ef700000|100%| E|CS|TAMS 0x00000000ef600000, 0x00000000ef600000| Complete 
| 247|0x00000000ef700000, 0x00000000ef800000, 0x00000000ef800000|100%| E|CS|TAMS 0x00000000ef700000, 0x00000000ef700000| Complete 
| 248|0x00000000ef800000, 0x00000000ef900000, 0x00000000ef900000|100%| E|CS|TAMS 0x00000000ef800000, 0x00000000ef800000| Complete 
| 249|0x00000000ef900000, 0x00000000efa00000, 0x00000000efa00000|100%| E|CS|TAMS 0x00000000ef900000, 0x00000000ef900000| Complete 
| 250|0x00000000efa00000, 0x00000000efb00000, 0x00000000efb00000|100%| E|CS|TAMS 0x00000000efa00000, 0x00000000efa00000| Complete 
| 251|0x00000000efb00000, 0x00000000efc00000, 0x00000000efc00000|100%| E|CS|TAMS 0x00000000efb00000, 0x00000000efb00000| Complete 
| 252|0x00000000efc00000, 0x00000000efd00000, 0x00000000efd00000|100%| E|CS|TAMS 0x00000000efc00000, 0x00000000efc00000| Complete 
| 253|0x00000000efd00000, 0x00000000efe00000, 0x00000000efe00000|100%| E|CS|TAMS 0x00000000efd00000, 0x00000000efd00000| Complete 
| 254|0x00000000efe00000, 0x00000000eff00000, 0x00000000eff00000|100%| E|CS|TAMS 0x00000000efe00000, 0x00000000efe00000| Complete 
| 255|0x00000000eff00000, 0x00000000f0000000, 0x00000000f0000000|100%| E|CS|TAMS 0x00000000eff00000, 0x00000000eff00000| Complete 

Card table byte_map: [0x0000026cf69d0000,0x0000026cf6ad0000] _byte_map_base: 0x0000026cf62d0000

Marking Bits (Prev, Next): (CMBitMap*) 0x0000026cdfabd850, (CMBitMap*) 0x0000026cdfabd890
 Prev Bits: [0x0000026cf6bd0000, 0x0000026cf73d0000)
 Next Bits: [0x0000026cf73d0000, 0x0000026cf7bd0000)

Polling page: 0x0000026cdd9f0000

Metaspace:

Usage:
  Non-class:     12.71 MB used.
      Class:      2.01 MB used.
       Both:     14.72 MB used.

Virtual space:
  Non-class space:       64.00 MB reserved,      12.81 MB ( 20%) committed,  1 nodes.
      Class space:        1.00 GB reserved,       2.12 MB ( <1%) committed,  1 nodes.
             Both:        1.06 GB reserved,      14.94 MB (  1%) committed. 

Chunk freelists:
   Non-Class:  3.11 MB
       Class:  13.91 MB
        Both:  17.02 MB

MaxMetaspaceSize: unlimited
CompressedClassSpaceSize: 1.00 GB
Initial GC threshold: 21.00 MB
Current GC threshold: 21.00 MB
CDS: on
MetaspaceReclaimPolicy: balanced
 - commit_granule_bytes: 65536.
 - commit_granule_words: 8192.
 - virtual_space_node_default_size: 8388608.
 - enlarge_chunks_in_place: 1.
 - new_chunks_are_fully_committed: 0.
 - uncommit_free_chunks: 1.
 - use_allocation_guard: 0.
 - handle_deallocations: 1.


Internal statistics:

num_allocs_failed_limit: 0.
num_arena_births: 270.
num_arena_deaths: 0.
num_vsnodes_births: 2.
num_vsnodes_deaths: 0.
num_space_committed: 239.
num_space_uncommitted: 0.
num_chunks_returned_to_freelist: 0.
num_chunks_taken_from_freelist: 783.
num_chunk_merges: 0.
num_chunk_splits: 492.
num_chunks_enlarged: 345.
num_inconsistent_stats: 0.

CodeHeap 'non-profiled nmethods': size=120000Kb used=906Kb max_used=906Kb free=119094Kb
 bounds [0x0000026cef070000, 0x0000026cef2e0000, 0x0000026cf65a0000]
CodeHeap 'profiled nmethods': size=120000Kb used=4485Kb max_used=4485Kb free=115514Kb
 bounds [0x0000026ce75a0000, 0x0000026ce7a10000, 0x0000026ceead0000]
CodeHeap 'non-nmethods': size=5760Kb used=1202Kb max_used=1260Kb free=4557Kb
 bounds [0x0000026ceead0000, 0x0000026ceed40000, 0x0000026cef070000]
 total_blobs=2697 nmethods=2196 adapters=413
 compilation: enabled
              stopped_count=0, restarted_count=0
 full_count=0

Compilation events (20 events):
Event: 3.800 Thread 0x0000026cfa6201f0 2134       3       java.lang.AbstractStringBuilder::charAt (36 bytes)
Event: 3.800 Thread 0x0000026cfa6201f0 nmethod 2134 0x0000026ce79d7810 code [0x0000026ce79d7a00, 0x0000026ce79d7e38]
Event: 3.800 Thread 0x0000026cfa6201f0 2136       3       org.springframework.boot.context.properties.source.ConfigurationPropertyName$ElementsParser::parse (234 bytes)
Event: 3.801 Thread 0x0000026cfa6201f0 nmethod 2136 0x0000026ce79d8010 code [0x0000026ce79d8240, 0x0000026ce79d8ab8]
Event: 3.802 Thread 0x0000026cfa6201f0 2135       3       java.lang.String::subSequence (7 bytes)
Event: 3.802 Thread 0x0000026cfa6201f0 nmethod 2135 0x0000026ce79d8d90 code [0x0000026ce79d8f20, 0x0000026ce79d9068]
Event: 3.802 Thread 0x0000026cfa6201f0 2138       3       org.springframework.boot.context.properties.source.ConfigurationPropertyName$Elements::get (49 bytes)
Event: 3.802 Thread 0x0000026cfa6201f0 nmethod 2138 0x0000026ce79d9110 code [0x0000026ce79d92e0, 0x0000026ce79d95e8]
Event: 3.802 Thread 0x0000026cfa6201f0 2137       3       org.springframework.boot.context.properties.source.ConfigurationPropertyName::getElement (161 bytes)
Event: 3.803 Thread 0x0000026cfa6201f0 nmethod 2137 0x0000026ce79d9790 code [0x0000026ce79d9aa0, 0x0000026ce79dac48]
Event: 3.807 Thread 0x0000026cfa6201f0 2139       3       java.lang.invoke.MethodType::methodType (14 bytes)
Event: 3.807 Thread 0x0000026cfa6201f0 nmethod 2139 0x0000026ce79db210 code [0x0000026ce79db3c0, 0x0000026ce79db708]
Event: 3.823 Thread 0x0000026cfa6201f0 2140       3       java.lang.StringBuilder::length (5 bytes)
Event: 3.823 Thread 0x0000026cfa6201f0 nmethod 2140 0x0000026ce79db810 code [0x0000026ce79db9a0, 0x0000026ce79dbab8]
Event: 3.834 Thread 0x0000026cfa6201f0 2145       3       org.springframework.boot.context.properties.source.ConfigurationPropertyName::isAncestorOf (25 bytes)
Event: 3.834 Thread 0x0000026cfa6201f0 nmethod 2145 0x0000026ce79dbb90 code [0x0000026ce79dbd80, 0x0000026ce79dc198]
Event: 3.850 Thread 0x0000026cfa6201f0 2146       3       java.util.Collections::emptyMap (4 bytes)
Event: 3.850 Thread 0x0000026cfa6201f0 nmethod 2146 0x0000026ce79dc390 code [0x0000026ce79dc520, 0x0000026ce79dc618]
Event: 3.851 Thread 0x0000026cfa6201f0 2147       3       java.util.concurrent.CopyOnWriteArrayList$COWIterator::hasNext (18 bytes)
Event: 3.851 Thread 0x0000026cfa6201f0 nmethod 2147 0x0000026ce79dc690 code [0x0000026ce79dc820, 0x0000026ce79dc998]

GC Heap History (4 events):
Event: 1.640 GC heap before
{Heap before GC invocations=0 (full 0):
 garbage-first heap   total 262144K, used 24576K [0x00000000e0000000, 0x0000000100000000)
  region size 1024K, 23 young (23552K), 0 survivors (0K)
 Metaspace       used 6184K, committed 6400K, reserved 1114112K
  class space    used 791K, committed 896K, reserved 1048576K
}
Event: 1.646 GC heap after
{Heap after GC invocations=1 (full 0):
 garbage-first heap   total 262144K, used 9496K [0x00000000e0000000, 0x0000000100000000)
  region size 1024K, 3 young (3072K), 3 survivors (3072K)
 Metaspace       used 6184K, committed 6400K, reserved 1114112K
  class space    used 791K, committed 896K, reserved 1048576K
}
Event: 2.431 GC heap before
{Heap before GC invocations=1 (full 0):
 garbage-first heap   total 262144K, used 28952K [0x00000000e0000000, 0x0000000100000000)
  region size 1024K, 22 young (22528K), 3 survivors (3072K)
 Metaspace       used 10023K, committed 10304K, reserved 1114112K
  class space    used 1356K, committed 1472K, reserved 1048576K
}
Event: 2.437 GC heap after
{Heap after GC invocations=2 (full 0):
 garbage-first heap   total 262144K, used 11205K [0x00000000e0000000, 0x0000000100000000)
  region size 1024K, 2 young (2048K), 2 survivors (2048K)
 Metaspace       used 10023K, committed 10304K, reserved 1114112K
  class space    used 1356K, committed 1472K, reserved 1048576K
}

Dll operation events (9 events):
Event: 0.020 Loaded shared library C:\Program Files\Java\jdk-17.0.11.9-hotspot\bin\java.dll
Event: 0.042 Loaded shared library C:\Program Files\Java\jdk-17.0.11.9-hotspot\bin\jsvml.dll
Event: 0.307 Loaded shared library C:\Program Files\Java\jdk-17.0.11.9-hotspot\bin\net.dll
Event: 0.312 Loaded shared library C:\Program Files\Java\jdk-17.0.11.9-hotspot\bin\nio.dll
Event: 0.322 Loaded shared library C:\Program Files\Java\jdk-17.0.11.9-hotspot\bin\zip.dll
Event: 0.412 Loaded shared library C:\Program Files\Java\jdk-17.0.11.9-hotspot\bin\verify.dll
Event: 0.425 Loaded shared library C:\Program Files\Java\jdk-17.0.11.9-hotspot\bin\jimage.dll
Event: 1.080 Loaded shared library C:\Program Files\Java\jdk-17.0.11.9-hotspot\bin\extnet.dll
Event: 1.228 Loaded shared library C:\Program Files\Java\jdk-17.0.11.9-hotspot\bin\sunmscapi.dll

Deoptimization events (20 events):
Event: 3.605 Thread 0x0000026cdfa89540 Uncommon trap: trap_request=0xffffffde fr.pc=0x0000026cef14af48 relative=0x0000000000000128
Event: 3.605 Thread 0x0000026cdfa89540 Uncommon trap: reason=class_check action=maybe_recompile pc=0x0000026cef14af48 method=jdk.internal.misc.Unsafe.allocateUninitializedArray(Ljava/lang/Class;I)Ljava/lang/Object; @ 51 c2
Event: 3.605 Thread 0x0000026cdfa89540 DEOPT PACKING pc=0x0000026cef14af48 sp=0x00000092436fac10
Event: 3.605 Thread 0x0000026cdfa89540 DEOPT UNPACKING pc=0x0000026ceeb269a3 sp=0x00000092436fab98 mode 2
Event: 3.606 Thread 0x0000026cdfa89540 Uncommon trap: trap_request=0xffffffde fr.pc=0x0000026cef14af48 relative=0x0000000000000128
Event: 3.606 Thread 0x0000026cdfa89540 Uncommon trap: reason=class_check action=maybe_recompile pc=0x0000026cef14af48 method=jdk.internal.misc.Unsafe.allocateUninitializedArray(Ljava/lang/Class;I)Ljava/lang/Object; @ 51 c2
Event: 3.606 Thread 0x0000026cdfa89540 DEOPT PACKING pc=0x0000026cef14af48 sp=0x00000092436f7ab0
Event: 3.606 Thread 0x0000026cdfa89540 DEOPT UNPACKING pc=0x0000026ceeb269a3 sp=0x00000092436f7a38 mode 2
Event: 3.606 Thread 0x0000026cdfa89540 Uncommon trap: trap_request=0xffffffde fr.pc=0x0000026cef14af48 relative=0x0000000000000128
Event: 3.606 Thread 0x0000026cdfa89540 Uncommon trap: reason=class_check action=maybe_recompile pc=0x0000026cef14af48 method=jdk.internal.misc.Unsafe.allocateUninitializedArray(Ljava/lang/Class;I)Ljava/lang/Object; @ 51 c2
Event: 3.606 Thread 0x0000026cdfa89540 DEOPT PACKING pc=0x0000026cef14af48 sp=0x00000092436f76b0
Event: 3.606 Thread 0x0000026cdfa89540 DEOPT UNPACKING pc=0x0000026ceeb269a3 sp=0x00000092436f7638 mode 2
Event: 3.607 Thread 0x0000026cdfa89540 Uncommon trap: trap_request=0xffffffde fr.pc=0x0000026cef14af48 relative=0x0000000000000128
Event: 3.607 Thread 0x0000026cdfa89540 Uncommon trap: reason=class_check action=maybe_recompile pc=0x0000026cef14af48 method=jdk.internal.misc.Unsafe.allocateUninitializedArray(Ljava/lang/Class;I)Ljava/lang/Object; @ 51 c2
Event: 3.607 Thread 0x0000026cdfa89540 DEOPT PACKING pc=0x0000026cef14af48 sp=0x00000092436f9f60
Event: 3.607 Thread 0x0000026cdfa89540 DEOPT UNPACKING pc=0x0000026ceeb269a3 sp=0x00000092436f9ee8 mode 2
Event: 3.699 Thread 0x0000026cdfa89540 Uncommon trap: trap_request=0xffffff45 fr.pc=0x0000026cef0ec8ac relative=0x000000000000080c
Event: 3.699 Thread 0x0000026cdfa89540 Uncommon trap: reason=unstable_if action=reinterpret pc=0x0000026cef0ec8ac method=java.util.HashMap.putVal(ILjava/lang/Object;Ljava/lang/Object;ZZ)Ljava/lang/Object; @ 236 c2
Event: 3.699 Thread 0x0000026cdfa89540 DEOPT PACKING pc=0x0000026cef0ec8ac sp=0x00000092436fae70
Event: 3.699 Thread 0x0000026cdfa89540 DEOPT UNPACKING pc=0x0000026ceeb269a3 sp=0x00000092436fae28 mode 2

Classes unloaded (0 events):
No events

Classes redefined (0 events):
No events

Internal exceptions (20 events):
Event: 2.335 Thread 0x0000026cdfa89540 Exception <a 'java/lang/NoSuchMethodError'{0x00000000eefca280}: 'java.lang.Object java.lang.invoke.Invokers$Holder.linkToTargetMethod(java.lang.Object, long, java.lang.Object, java.lang.Object)'> (0x00000000eefca280) 
thrown [s\src\hotspot\share\interpreter\linkResolver.cpp, line 759]
Event: 2.369 Thread 0x0000026cdfa89540 Implicit null exception at 0x0000026cef0e7560 to 0x0000026cef0e75fa
Event: 2.370 Thread 0x0000026cdfa89540 Implicit null exception at 0x0000026cef0e6f0f to 0x0000026cef0e6f89
Event: 2.638 Thread 0x0000026cdfa89540 Exception <a 'java/lang/NoSuchMethodError'{0x00000000efcf8ce0}: 'void java.lang.invoke.DirectMethodHandle$Holder.invokeStaticInit(java.lang.Object, java.lang.Object)'> (0x00000000efcf8ce0) 
thrown [s\src\hotspot\share\interpreter\linkResolver.cpp, line 759]
Event: 2.689 Thread 0x0000026cdfa89540 Exception <a 'java/lang/NoSuchMethodError'{0x00000000efa38678}: 'int java.lang.invoke.DirectMethodHandle$Holder.invokeVirtual(java.lang.Object, java.lang.Object, java.lang.Object)'> (0x00000000efa38678) 
thrown [s\src\hotspot\share\interpreter\linkResolver.cpp, line 759]
Event: 2.777 Thread 0x0000026cdfa89540 Exception <a 'java/lang/IncompatibleClassChangeError'{0x00000000ef9b3a08}: Found class java.lang.Object, but interface was expected> (0x00000000ef9b3a08) 
thrown [s\src\hotspot\share\interpreter\linkResolver.cpp, line 826]
Event: 2.855 Thread 0x0000026cdfa89540 Exception <a 'sun/nio/fs/WindowsException'{0x00000000ef74b550}> (0x00000000ef74b550) 
thrown [s\src\hotspot\share\prims\jni.cpp, line 516]
Event: 2.856 Thread 0x0000026cdfa89540 Exception <a 'java/lang/NoSuchMethodError'{0x00000000ef74d1d8}: 'int java.lang.invoke.DirectMethodHandle$Holder.invokeSpecial(java.lang.Object, java.lang.Object, java.lang.Object, java.lang.Object, java.lang.Object)'> (0x00000000ef74d1d8) 
thrown [s\src\hotspot\share\interpreter\linkResolver.cpp, line 759]
Event: 2.858 Thread 0x0000026cdfa89540 Exception <a 'java/lang/NoSuchMethodError'{0x00000000ef756920}: 'void java.lang.invoke.DirectMethodHandle$Holder.invokeVirtual(java.lang.Object, java.lang.Object)'> (0x00000000ef756920) 
thrown [s\src\hotspot\share\interpreter\linkResolver.cpp, line 759]
Event: 2.865 Thread 0x0000026cdfa89540 Exception <a 'sun/nio/fs/WindowsException'{0x00000000ef777d50}> (0x00000000ef777d50) 
thrown [s\src\hotspot\share\prims\jni.cpp, line 516]
Event: 2.936 Thread 0x0000026cdfa89540 Exception <a 'sun/nio/fs/WindowsException'{0x00000000ef6f6d18}> (0x00000000ef6f6d18) 
thrown [s\src\hotspot\share\prims\jni.cpp, line 516]
Event: 2.939 Thread 0x0000026cdfa89540 Exception <a 'sun/nio/fs/WindowsException'{0x00000000ef503e18}> (0x00000000ef503e18) 
thrown [s\src\hotspot\share\prims\jni.cpp, line 516]
Event: 3.047 Thread 0x0000026cdfa89540 Exception <a 'java/lang/NoSuchMethodError'{0x00000000ef360038}: 'void java.lang.invoke.DirectMethodHandle$Holder.invokeVirtual(java.lang.Object, java.lang.Object, java.lang.Object, java.lang.Object)'> (0x00000000ef360038) 
thrown [s\src\hotspot\share\interpreter\linkResolver.cpp, line 759]
Event: 3.504 Thread 0x0000026cdfa89540 Exception <a 'java/lang/reflect/InvocationTargetException'{0x00000000eea154c8}> (0x00000000eea154c8) 
thrown [s\src\hotspot\share\runtime\reflection.cpp, line 1121]
Event: 3.529 Thread 0x0000026cdfa89540 Exception <a 'java/lang/NoSuchMethodError'{0x00000000eeaad890}: 'java.lang.Object java.lang.invoke.DirectMethodHandle$Holder.invokeInterface(java.lang.Object, java.lang.Object, java.lang.Object, java.lang.Object)'> (0x00000000eeaad890) 
thrown [s\src\hotspot\share\interpreter\linkResolver.cpp, line 759]
Event: 3.710 Thread 0x0000026cdfa89540 Exception <a 'java/lang/IncompatibleClassChangeError'{0x00000000ee57a3c8}: Found class java.lang.Object, but interface was expected> (0x00000000ee57a3c8) 
thrown [s\src\hotspot\share\interpreter\linkResolver.cpp, line 826]
Event: 3.734 Thread 0x0000026cdfa89540 Exception <a 'sun/nio/fs/WindowsException'{0x00000000ee5da058}> (0x00000000ee5da058) 
thrown [s\src\hotspot\share\prims\jni.cpp, line 516]
Event: 3.830 Thread 0x0000026cdfa89540 Exception <a 'java/lang/NoSuchMethodError'{0x00000000ee3e12d8}: 'java.lang.Object java.lang.invoke.DirectMethodHandle$Holder.invokeSpecial(java.lang.Object, java.lang.Object, java.lang.Object, java.lang.Object, java.lang.Object, java.lang.Object, int)'> (0x00000000ee3e12d8) 
thrown [s\src\hotspot\share\interpreter\linkResolver.cpp, line 759]
Event: 3.831 Thread 0x0000026cdfa89540 Exception <a 'java/lang/NoSuchMethodError'{0x00000000ee3f1da0}: 'java.lang.Object java.lang.invoke.DirectMethodHandle$Holder.newInvokeSpecial(java.lang.Object, java.lang.Object, java.lang.Object, java.lang.Object, java.lang.Object, java.lang.Object, int)'> (0x00000000ee3f1da0) 
thrown [s\src\hotspot\share\interpreter\linkResolver.cpp, line 759]
Event: 3.832 Thread 0x0000026cdfa89540 Exception <a 'java/lang/NoSuchMethodError'{0x00000000ee3f7330}: 'java.lang.Object java.lang.invoke.DirectMethodHandle$Holder.invokeSpecial(java.lang.Object, java.lang.Object, java.lang.Object, java.lang.Object, java.lang.Object, java.lang.Object, java.lang.Object, int)'> (0x00000000ee3f7330) 
thrown [s\src\hotspot\share\interpreter\linkResolver.cpp, line 759]

VM Operations (20 events):
Event: 1.190 Executing VM operation: Cleanup
Event: 1.190 Executing VM operation: Cleanup done
Event: 1.428 Executing VM operation: HandshakeAllThreads
Event: 1.428 Executing VM operation: HandshakeAllThreads done
Event: 1.518 Executing VM operation: HandshakeAllThreads
Event: 1.518 Executing VM operation: HandshakeAllThreads done
Event: 1.568 Executing VM operation: HandshakeAllThreads
Event: 1.568 Executing VM operation: HandshakeAllThreads done
Event: 1.640 Executing VM operation: G1CollectForAllocation
Event: 1.646 Executing VM operation: G1CollectForAllocation done
Event: 2.155 Executing VM operation: HandshakeAllThreads
Event: 2.155 Executing VM operation: HandshakeAllThreads done
Event: 2.229 Executing VM operation: HandshakeAllThreads
Event: 2.229 Executing VM operation: HandshakeAllThreads done
Event: 2.431 Executing VM operation: G1CollectForAllocation
Event: 2.437 Executing VM operation: G1CollectForAllocation done
Event: 2.509 Executing VM operation: HandshakeAllThreads
Event: 2.509 Executing VM operation: HandshakeAllThreads done
Event: 3.520 Executing VM operation: Cleanup
Event: 3.520 Executing VM operation: Cleanup done

Events (20 events):
Event: 3.729 loading class com/sun/naming/internal/ResourceManager
Event: 3.729 loading class com/sun/naming/internal/ResourceManager done
Event: 3.729 loading class com/sun/naming/internal/VersionHelper
Event: 3.730 loading class com/sun/naming/internal/VersionHelper done
Event: 3.731 loading class com/sun/naming/internal/VersionHelper$InputStreamEnumeration
Event: 3.731 loading class javax/naming/NamingEnumeration
Event: 3.731 loading class javax/naming/NamingEnumeration done
Event: 3.731 loading class com/sun/naming/internal/VersionHelper$InputStreamEnumeration done
Event: 3.734 loading class java/util/Hashtable$KeySet
Event: 3.734 loading class java/util/Hashtable$KeySet done
Event: 3.734 loading class javax/naming/spi/NamingManager
Event: 3.735 loading class javax/naming/spi/NamingManager done
Event: 3.735 loading class javax/naming/NoInitialContextException
Event: 3.735 loading class javax/naming/NoInitialContextException done
Event: 3.771 loading class java/lang/ProcessEnvironment$CheckedKeySet
Event: 3.771 loading class java/lang/ProcessEnvironment$CheckedKeySet done
Event: 3.772 loading class java/util/stream/MatchOps$2MatchSink
Event: 3.772 loading class java/util/stream/MatchOps$2MatchSink done
Event: 3.818 loading class java/util/regex/Pattern$Neg
Event: 3.818 loading class java/util/regex/Pattern$Neg done


Dynamic libraries:
0x00007ff7c2300000 - 0x00007ff7c230e000 	C:\Program Files\Java\jdk-17.0.11.9-hotspot\bin\java.exe
0x00007ffce50b0000 - 0x00007ffce52a8000 	C:\WINDOWS\SYSTEM32\ntdll.dll
0x00007ffce4fb0000 - 0x00007ffce506d000 	C:\WINDOWS\System32\KERNEL32.DLL
0x00007ffce27a0000 - 0x00007ffce2a96000 	C:\WINDOWS\System32\KERNELBASE.dll
0x00007ffce2aa0000 - 0x00007ffce2ba0000 	C:\WINDOWS\System32\ucrtbase.dll
0x00007ffcdbb50000 - 0x00007ffcdbb6b000 	C:\Program Files\Java\jdk-17.0.11.9-hotspot\bin\VCRUNTIME140.dll
0x00007ffcdcde0000 - 0x00007ffcdcdf7000 	C:\Program Files\Java\jdk-17.0.11.9-hotspot\bin\jli.dll
0x00007ffce3280000 - 0x00007ffce341f000 	C:\WINDOWS\System32\USER32.dll
0x00007ffce2770000 - 0x00007ffce2792000 	C:\WINDOWS\System32\win32u.dll
0x00007ffce4be0000 - 0x00007ffce4c0b000 	C:\WINDOWS\System32\GDI32.dll
0x00007ffccb790000 - 0x00007ffccba2a000 	C:\WINDOWS\WinSxS\amd64_microsoft.windows.common-controls_6595b64144ccf1df_6.0.19041.4355_none_60b8b9eb71f62e16\COMCTL32.dll
0x00007ffce30f0000 - 0x00007ffce318e000 	C:\WINDOWS\System32\msvcrt.dll
0x00007ffce2d00000 - 0x00007ffce2e17000 	C:\WINDOWS\System32\gdi32full.dll
0x00007ffce2e20000 - 0x00007ffce2ebd000 	C:\WINDOWS\System32\msvcp_win.dll
0x00007ffce48d0000 - 0x00007ffce48ff000 	C:\WINDOWS\System32\IMM32.DLL
0x00007ffcdd130000 - 0x00007ffcdd13c000 	C:\Program Files\Java\jdk-17.0.11.9-hotspot\bin\vcruntime140_1.dll
0x00007ffcd1580000 - 0x00007ffcd160d000 	C:\Program Files\Java\jdk-17.0.11.9-hotspot\bin\msvcp140.dll
0x00007ffca3b70000 - 0x00007ffca47d2000 	C:\Program Files\Java\jdk-17.0.11.9-hotspot\bin\server\jvm.dll
0x00007ffce3600000 - 0x00007ffce36b0000 	C:\WINDOWS\System32\ADVAPI32.dll
0x00007ffce4cc0000 - 0x00007ffce4d60000 	C:\WINDOWS\System32\sechost.dll
0x00007ffce4900000 - 0x00007ffce4a23000 	C:\WINDOWS\System32\RPCRT4.dll
0x00007ffce2fc0000 - 0x00007ffce2fe7000 	C:\WINDOWS\System32\bcrypt.dll
0x00007ffce1cb0000 - 0x00007ffce1cfb000 	C:\WINDOWS\SYSTEM32\POWRPROF.dll
0x00007ffcdac90000 - 0x00007ffcdac9a000 	C:\WINDOWS\SYSTEM32\VERSION.dll
0x00007ffcc9540000 - 0x00007ffcc9549000 	C:\WINDOWS\SYSTEM32\WSOCK32.dll
0x00007ffcd56a0000 - 0x00007ffcd56c7000 	C:\WINDOWS\SYSTEM32\WINMM.dll
0x00007ffce3c60000 - 0x00007ffce3ccb000 	C:\WINDOWS\System32\WS2_32.dll
0x00007ffce1b20000 - 0x00007ffce1b32000 	C:\WINDOWS\SYSTEM32\UMPDC.dll
0x00007ffce05b0000 - 0x00007ffce05c2000 	C:\WINDOWS\SYSTEM32\kernel.appcore.dll
0x00007ffcdcc30000 - 0x00007ffcdcc3a000 	C:\Program Files\Java\jdk-17.0.11.9-hotspot\bin\jimage.dll
0x00007ffcd4a40000 - 0x00007ffcd4c24000 	C:\WINDOWS\SYSTEM32\DBGHELP.DLL
0x00007ffcc9580000 - 0x00007ffcc95b4000 	C:\WINDOWS\SYSTEM32\dbgcore.DLL
0x00007ffce3060000 - 0x00007ffce30e2000 	C:\WINDOWS\System32\bcryptPrimitives.dll
0x00007ffcdba70000 - 0x00007ffcdba95000 	C:\Program Files\Java\jdk-17.0.11.9-hotspot\bin\java.dll
0x00007ffcb4960000 - 0x00007ffcb4a37000 	C:\Program Files\Java\jdk-17.0.11.9-hotspot\bin\jsvml.dll
0x00007ffce3cd0000 - 0x00007ffce443a000 	C:\WINDOWS\System32\SHELL32.dll
0x00007ffce07b0000 - 0x00007ffce0f4d000 	C:\WINDOWS\SYSTEM32\windows.storage.dll
0x00007ffce4570000 - 0x00007ffce48c3000 	C:\WINDOWS\System32\combase.dll
0x00007ffce20b0000 - 0x00007ffce20de000 	C:\WINDOWS\SYSTEM32\Wldp.dll
0x00007ffce3490000 - 0x00007ffce355d000 	C:\WINDOWS\System32\OLEAUT32.dll
0x00007ffce4c10000 - 0x00007ffce4cbd000 	C:\WINDOWS\System32\SHCORE.dll
0x00007ffce4d60000 - 0x00007ffce4db5000 	C:\WINDOWS\System32\shlwapi.dll
0x00007ffce26a0000 - 0x00007ffce26c4000 	C:\WINDOWS\SYSTEM32\profapi.dll
0x00007ffcdb440000 - 0x00007ffcdb459000 	C:\Program Files\Java\jdk-17.0.11.9-hotspot\bin\net.dll
0x00007ffcdb480000 - 0x00007ffcdb58a000 	C:\WINDOWS\SYSTEM32\WINHTTP.dll
0x00007ffce1e90000 - 0x00007ffce1efa000 	C:\WINDOWS\system32\mswsock.dll
0x00007ffcdb1d0000 - 0x00007ffcdb1e6000 	C:\Program Files\Java\jdk-17.0.11.9-hotspot\bin\nio.dll
0x00007ffcdb460000 - 0x00007ffcdb478000 	C:\Program Files\Java\jdk-17.0.11.9-hotspot\bin\zip.dll
0x00007ffcdbb30000 - 0x00007ffcdbb40000 	C:\Program Files\Java\jdk-17.0.11.9-hotspot\bin\verify.dll
0x00007ffcdb150000 - 0x00007ffcdb159000 	C:\Program Files\Java\jdk-17.0.11.9-hotspot\bin\extnet.dll
0x00007ffcdb140000 - 0x00007ffcdb14e000 	C:\Program Files\Java\jdk-17.0.11.9-hotspot\bin\sunmscapi.dll
0x00007ffce2ba0000 - 0x00007ffce2cfe000 	C:\WINDOWS\System32\CRYPT32.dll
0x00007ffce2200000 - 0x00007ffce2229000 	C:\WINDOWS\SYSTEM32\ncrypt.dll
0x00007ffce21c0000 - 0x00007ffce21fb000 	C:\WINDOWS\SYSTEM32\NTASN1.dll
0x00007ffcdd070000 - 0x00007ffcdd077000 	C:\WINDOWS\system32\wshunix.dll
0x00007ffce20f0000 - 0x00007ffce2108000 	C:\WINDOWS\SYSTEM32\CRYPTSP.dll
0x00007ffce1760000 - 0x00007ffce1794000 	C:\WINDOWS\system32\rsaenh.dll
0x00007ffce2610000 - 0x00007ffce263e000 	C:\WINDOWS\SYSTEM32\USERENV.dll
0x00007ffce2020000 - 0x00007ffce202c000 	C:\WINDOWS\SYSTEM32\CRYPTBASE.dll
0x00007ffce1b40000 - 0x00007ffce1b7b000 	C:\WINDOWS\SYSTEM32\IPHLPAPI.DLL
0x00007ffce3480000 - 0x00007ffce3488000 	C:\WINDOWS\System32\NSI.dll
0x00007ffcdbf10000 - 0x00007ffcdbf27000 	C:\WINDOWS\SYSTEM32\dhcpcsvc6.DLL
0x00007ffcdbe90000 - 0x00007ffcdbead000 	C:\WINDOWS\SYSTEM32\dhcpcsvc.DLL
0x00007ffce1b90000 - 0x00007ffce1c5a000 	C:\WINDOWS\SYSTEM32\DNSAPI.dll

dbghelp: loaded successfully - version: 4.0.5 - missing functions: none
symbol engine: initialized successfully - sym options: 0x614 - pdb path: .;C:\Program Files\Java\jdk-17.0.11.9-hotspot\bin;C:\WINDOWS\SYSTEM32;C:\WINDOWS\WinSxS\amd64_microsoft.windows.common-controls_6595b64144ccf1df_6.0.19041.4355_none_60b8b9eb71f62e16;C:\Program Files\Java\jdk-17.0.11.9-hotspot\bin\server

VM Arguments:
jvm_args: -Dorg.gradle.internal.worker.tmpdir=C:\Users\HOME\OneDrive\¹ÙÅÁ È­¸é\ºÎÆ®Ä·ÇÁ\º»Ä·ÇÁ\½ºÇÁ¸µ\myselectshop\build\tmp\test\work -Dorg.gradle.native=false -Xmx512m -Dfile.encoding=x-windows-949 -Duser.country=KR -Duser.language=ko -Duser.variant -ea 
java_command: worker.org.gradle.process.internal.worker.GradleWorkerMain 'Gradle Test Executor 4'
java_class_path (initial): C:\Users\HOME\.gradle\caches\8.7\workerMain\gradle-worker.jar;C:\Users\HOME\OneDrive\¹ÙÅÁ È­¸é\ºÎÆ®Ä·ÇÁ\º»Ä·ÇÁ\½ºÇÁ¸µ\myselectshop\build\classes\java\test;C:\Users\HOME\OneDrive\¹ÙÅÁ È­¸é\ºÎÆ®Ä·ÇÁ\º»Ä·ÇÁ\½ºÇÁ¸µ\myselectshop\build\classes\java\main;C:\Users\HOME\OneDrive\¹ÙÅÁ È­¸é\ºÎÆ®Ä·ÇÁ\º»Ä·ÇÁ\½ºÇÁ¸µ\myselectshop\build\resources\main;C:\Users\HOME\.gradle\caches\modules-2\files-2.1\org.json\json\20230227\7a0d4aca76513d8ce81f9b044ce8126b84809ad8\json-20230227.jar;C:\Users\HOME\.gradle\caches\modules-2\files-2.1\org.springframework.boot\spring-boot-starter-data-jpa\3.2.5\99c1272c135f1c44b0c94ed0b65dca9b201323b7\spring-boot-starter-data-jpa-3.2.5.jar;C:\Users\HOME\.gradle\caches\modules-2\files-2.1\org.springframework.boot\spring-boot-starter-security\3.2.5\8ce0f176dfcf9a0b3b5d76babd971057f009961d\spring-boot-starter-security-3.2.5.jar;C:\Users\HOME\.gradle\caches\modules-2\files-2.1\org.springframework.boot\spring-boot-starter-thymeleaf\3.2.5\293a7cb658eba8e0b25cec63609edbebbaa6c4a8\spring-boot-starter-thymeleaf-3.2.5.jar;C:\Users\HOME\.gradle\caches\modules-2\files-2.1\org.springframework.boot\spring-boot-starter-validation\3.2.5\3757dceb20eca3880ee1fb5f07159e42c7f7405\spring-boot-starter-validation-3.2.5.jar;C:\Users\HOME\.gradle\caches\modules-2\files-2.1\org.springframework.boot\spring-boot-starter-web\3.2.5\664d75553c6af42122d4db645f4924a95084e382\spring-boot-starter-web-3.2.5.jar;C:\Users\HOME\.gradle\caches\modules-2\files-2.1\org.thymeleaf.extras\thymeleaf-extras-springsecurity6\3.1.2.RELEASE\574c188eb147191e2f162419e9fc780fcf3256d7\thymeleaf-extras-springsecurity6-3.1.2.RELEASE.jar;C:\Users\HOME\.gradle\caches\modules-2\files-2.1\io.jsonwebtoken\jjwt-impl\0.11.5\40a599f0e8a8e4e0701596fbb15e67bfda64fdf0\jjwt-impl-0.11.5.jar;C:\Users\HOME\.gradle\caches\modules-2\files-2.1\io.jsonwebtoken\jjwt-jackson\0.11.5\3b83a06809e98a69402d7333dcf67df6f6ea4579\jjwt-jackson-0.11.5.jar;C:\Users\HOME\.gradle\caches\modules-2\files-2.1\com.mysql\
Launcher Type: SUN_STANDARD

[Global flags]
     intx CICompilerCount                          = 4                                         {product} {ergonomic}
     uint ConcGCThreads                            = 2                                         {product} {ergonomic}
     uint G1ConcRefinementThreads                  = 8                                         {product} {ergonomic}
   size_t G1HeapRegionSize                         = 1048576                                   {product} {ergonomic}
    uintx GCDrainStackTargetSize                   = 64                                        {product} {ergonomic}
   size_t InitialHeapSize                          = 268435456                                 {product} {ergonomic}
   size_t MarkStackSize                            = 4194304                                   {product} {ergonomic}
   size_t MaxHeapSize                              = 536870912                                 {product} {command line}
   size_t MaxNewSize                               = 321912832                                 {product} {ergonomic}
   size_t MinHeapDeltaBytes                        = 1048576                                   {product} {ergonomic}
   size_t MinHeapSize                              = 8388608                                   {product} {ergonomic}
    uintx NonNMethodCodeHeapSize                   = 5839372                                {pd product} {ergonomic}
    uintx NonProfiledCodeHeapSize                  = 122909434                              {pd product} {ergonomic}
    uintx ProfiledCodeHeapSize                     = 122909434                              {pd product} {ergonomic}
    uintx ReservedCodeCacheSize                    = 251658240                              {pd product} {ergonomic}
     bool SegmentedCodeCache                       = true                                      {product} {ergonomic}
   size_t SoftMaxHeapSize                          = 536870912                              {manageable} {ergonomic}
     bool UseCompressedClassPointers               = true                           {product lp64_product} {ergonomic}
     bool UseCompressedOops                        = true                           {product lp64_product} {ergonomic}
     bool UseG1GC                                  = true                                      {product} {ergonomic}
     bool UseLargePagesIndividualAllocation        = false                                  {pd product} {ergonomic}

Logging:
Log output configuration:
 #0: stdout all=warning uptime,level,tags
 #1: stderr all=off uptime,level,tags

Environment Variables:
JAVA_HOME=C:\Program Files\Java\jdk-17.0.11.9-hotspot\
PATH=C:\Program Files\Java\jdk-17.0.11.9-hotspot\bin;C:\Program Files (x86)\Intel\Intel(R) Management Engine Components\iCLS\;C:\Program Files\Intel\Intel(R) Management Engine Components\iCLS\;C:\Program Files (x86)\Common Files\Oracle\Java\javapath;C:\WINDOWS\system32;C:\WINDOWS;C:\WINDOWS\System32\Wbem;C:\WINDOWS\System32\WindowsPowerShell\v1.0\;C:\WINDOWS\System32\OpenSSH\;C:\Program Files (x86)\NVIDIA Corporation\PhysX\Common;C:\Program Files (x86)\Intel\Intel(R) Management Engine Components\DAL;C:\Program Files\Intel\Intel(R) Management Engine Components\DAL;C:\Program Files (x86)\Intel\Intel(R) Management Engine Components\IPT;C:\Program Files\Intel\Intel(R) Management Engine Components\IPT;C:\Program Files\Intel\WiFi\bin\;C:\Program Files\Common Files\Intel\WirelessCommon\;C:\Program Files\NVIDIA Corporation\NVIDIA NvDLISR;C:\Program Files\Git\cmd;C:\Program Files\MySQL\MySQL Server 8.0\bin;C:\Program Files\Java\jdk-17.0.11.9-hotspot\bin;C:\Users\HOME\AppData\Local\Microsoft\WindowsApps;C:\Program Files\Intel\WiFi\bin\;C:\Program Files\Common Files\Intel\WirelessCommon\;C:\Users\HOME\AppData\Local\afreeca;C:\Users\HOME\AppData\Local\Programs\Microsoft VS Code\bin;C:\Users\HOME\AppData\Local\GitHubDesktop\bin;C:\Program Files\MySQL\MySQL Server 8.0\bin;
USERNAME=HOME
OS=Windows_NT
PROCESSOR_IDENTIFIER=Intel64 Family 6 Model 158 Stepping 9, GenuineIntel
TMP=C:\Users\HOME\AppData\Local\Temp
TEMP=C:\Users\HOME\AppData\Local\Temp



Periodic native trim disabled


---------------  S Y S T E M  ---------------

OS:
 Windows 10 , 64 bit Build 19041 (10.0.19041.3636)
OS uptime: 1 days 10:24 hours
Hyper-V role detected

CPU: total 8 (initial active 8) (4 cores per cpu, 2 threads per core) family 6 model 158 stepping 9 microcode 0xb4, cx8, cmov, fxsr, ht, mmx, 3dnowpref, sse, sse2, sse3, ssse3, sse4.1, sse4.2, popcnt, lzcnt, tsc, tscinvbit, avx, avx2, aes, erms, clmul, bmi1, bmi2, adx, fma, vzeroupper, clflush, clflushopt, hv
Processor Information for all 8 processors :
  Max Mhz: 2808, Current Mhz: 2808, Mhz Limit: 2808

Memory: 4k page, system-wide physical 16272M (2287M free)
TotalPageFile size 16272M (AvailPageFile size 0M)
current process WorkingSet (physical memory assigned to process): 131M, peak: 131M
current process commit charge ("private bytes"): 393M, peak: 394M

vm_info: OpenJDK 64-Bit Server VM (17.0.11+9) for windows-amd64 JRE (17.0.11+9), built on Apr 17 2024 06:07:48 by "admin" with MS VC++ 16.10 / 16.11 (VS2019)

END.
